<?xml version="1.0" encoding="UTF-8"?>
<!-- Generated by org.testng.reporters.JUnitXMLReporter -->
<testsuite ignored="3" hostname="LAPTOP-P2QE43U4" failures="0" tests="5" name="Sanity" time="0.112" errors="0" timestamp="2024-07-06T11:34:00 CDT">
  <testcase classname="testSuit1.Module1" name="login" time="0.019"/>
  <testcase classname="testSuit1.Module2" name="test1" time="0.021"/>
  <testcase classname="testSuit1.Module1" name="login" time="0.002"/>
  <testcase classname="testSuit1.Module1" name="test1" time="0.003"/>
  <testcase classname="testSuit1.Module1" name="test2" time="0.006"/>
  <testcase classname="testSuit1.Module1" name="test3" time="0.0">
    <ignored/>
  </testcase> <!-- test3 -->
  <testcase classname="testSuit1.Module2" name="test2" time="0.0">
    <ignored/>
  </testcase> <!-- test2 -->
  <testcase classname="testSuit1.Module2" name="test3" time="0.0">
    <ignored/>
  </testcase> <!-- test3 -->
</testsuite> <!-- Sanity -->
